Thu Dec 21 2023 22:30:15 GMT+0530 (India Standard Time)--1--info--Index page initialized..
Thu Dec 21 2023 22:30:21 GMT+0530 (India Standard Time)--1--info--Login Page initialized..
Thu Dec 21 2023 22:30:25 GMT+0530 (India Standard Time)--1--info--Register page initialized..
Thu Dec 21 2023 22:31:34 GMT+0530 (India Standard Time)--3--warn--Please verify your mail address
Thu Dec 21 2023 22:36:49 GMT+0530 (India Standard Time)--1--info--Order page Component initialized..
Thu Dec 21 2023 22:36:49 GMT+0530 (India Standard Time)--3--warn--Please checked Terms and Conditions
Thu Dec 21 2023 22:36:52 GMT+0530 (India Standard Time)--1--info--Terms and conditions are read..
Thu Dec 21 2023 22:36:53 GMT+0530 (India Standard Time)--1--info--Review order page Initialized..
Thu Dec 21 2023 22:37:09 GMT+0530 (India Standard Time)--1--info--User reviewed order
Thu Dec 21 2023 22:37:09 GMT+0530 (India Standard Time)--1--info--Paymentpage component initialized..
Thu Dec 21 2023 22:37:10 GMT+0530 (India Standard Time)--1--info--Paymentpage component initialized..
Thu Dec 21 2023 22:37:50 GMT+0530 (India Standard Time)--1--info--Product page initialized..
Thu Dec 21 2023 22:37:51 GMT+0530 (India Standard Time)--1--info--Product page initialized..
Thu Dec 21 2023 22:40:44 GMT+0530 (India Standard Time)--1--info--Product page initialized..
Thu Dec 21 2023 22:40:46 GMT+0530 (India Standard Time)--1--info--Order page Component initialized..
Thu Dec 21 2023 22:40:46 GMT+0530 (India Standard Time)--3--warn--Please checked Terms and Conditions
Thu Dec 21 2023 22:40:50 GMT+0530 (India Standard Time)--1--info--Terms and conditions are read..
Thu Dec 21 2023 22:40:51 GMT+0530 (India Standard Time)--1--info--Review order page Initialized..
Thu Dec 21 2023 22:41:04 GMT+0530 (India Standard Time)--1--info--User reviewed order
Thu Dec 21 2023 22:41:04 GMT+0530 (India Standard Time)--1--info--Paymentpage component initialized..
Thu Dec 21 2023 22:41:05 GMT+0530 (India Standard Time)--1--info--Paymentpage component initialized..
Thu Dec 21 2023 22:41:30 GMT+0530 (India Standard Time)--1--info--Product page initialized..
Thu Dec 21 2023 22:41:30 GMT+0530 (India Standard Time)--1--info--Product page initialized..
Thu Dec 21 2023 23:57:16 GMT+0530 (India Standard Time)--1--info--Index page initialized..
Fri Dec 22 2023 00:01:22 GMT+0530 (India Standard Time)--1--info--Product page initialized..
Fri Dec 22 2023 00:01:26 GMT+0530 (India Standard Time)--1--info--Order page Component initialized..
Fri Dec 22 2023 00:01:26 GMT+0530 (India Standard Time)--3--warn--Please checked Terms and Conditions
Fri Dec 22 2023 00:01:41 GMT+0530 (India Standard Time)--1--info--Product page initialized..
Fri Dec 22 2023 00:01:41 GMT+0530 (India Standard Time)--1--info--Product page initialized..
Fri Dec 22 2023 00:04:03 GMT+0530 (India Standard Time)--1--info--Product page initialized..
Fri Dec 22 2023 00:04:55 GMT+0530 (India Standard Time)--1--info--Product page initialized..
Fri Dec 22 2023 00:05:08 GMT+0530 (India Standard Time)--1--info--Product page initialized..
Fri Dec 22 2023 00:05:46 GMT+0530 (India Standard Time)--1--info--Product page initialized..
Fri Dec 22 2023 00:05:54 GMT+0530 (India Standard Time)--1--info--Product page initialized..
Fri Dec 22 2023 00:06:03 GMT+0530 (India Standard Time)--1--info--Product page initialized..
Fri Dec 22 2023 00:06:16 GMT+0530 (India Standard Time)--1--info--Product page initialized..
Fri Dec 22 2023 00:06:35 GMT+0530 (India Standard Time)--1--info--Product page initialized..
Fri Dec 22 2023 00:07:13 GMT+0530 (India Standard Time)--1--info--Product page initialized..
Fri Dec 22 2023 00:08:34 GMT+0530 (India Standard Time)--1--info--Product page initialized..
Fri Dec 22 2023 00:08:39 GMT+0530 (India Standard Time)--1--info--Product page initialized..
Fri Dec 22 2023 00:08:49 GMT+0530 (India Standard Time)--1--info--Product page initialized..
Fri Dec 22 2023 00:09:01 GMT+0530 (India Standard Time)--1--info--Product page initialized..
Fri Dec 22 2023 07:30:27 GMT+0530 (India Standard Time)--1--info--Product page initialized..
Fri Dec 22 2023 07:31:29 GMT+0530 (India Standard Time)--1--info--Product page initialized..
Fri Dec 22 2023 07:46:13 GMT+0530 (India Standard Time)--1--info--Product page initialized..
Fri Dec 22 2023 07:46:18 GMT+0530 (India Standard Time)--1--info--Product page initialized..
Fri Dec 22 2023 07:46:23 GMT+0530 (India Standard Time)--1--info--Product page initialized..
Fri Dec 22 2023 07:46:29 GMT+0530 (India Standard Time)--1--info--Product page initialized..
Fri Dec 22 2023 07:46:45 GMT+0530 (India Standard Time)--1--info--Product page initialized..
Fri Dec 22 2023 07:47:33 GMT+0530 (India Standard Time)--1--info--Product page initialized..
Fri Dec 22 2023 07:51:36 GMT+0530 (India Standard Time)--1--info--Product page initialized..
Fri Dec 22 2023 07:51:48 GMT+0530 (India Standard Time)--1--info--Product page initialized..
Fri Dec 22 2023 07:52:04 GMT+0530 (India Standard Time)--1--info--Index page initialized..
Fri Dec 22 2023 07:52:04 GMT+0530 (India Standard Time)--1--info--Index page initialized..
Fri Dec 22 2023 07:52:06 GMT+0530 (India Standard Time)--1--info--Login Page initialized..
Fri Dec 22 2023 09:25:10 GMT+0530 (India Standard Time)--1--info--Index page initialized..
Fri Dec 22 2023 09:25:13 GMT+0530 (India Standard Time)--1--info--Index page initialized..
Fri Dec 22 2023 09:26:32 GMT+0530 (India Standard Time)--1--info--Index page initialized..
Fri Dec 22 2023 09:29:51 GMT+0530 (India Standard Time)--1--info--Index page initialized..
Sat Dec 30 2023 19:08:57 GMT+0530 (India Standard Time)--1--info--Index page initialized..
Sat Dec 30 2023 19:08:59 GMT+0530 (India Standard Time)--1--info--Product page initialized..
Sat Dec 30 2023 19:09:52 GMT+0530 (India Standard Time)--1--info--Product page initialized..
Sat Dec 30 2023 19:10:39 GMT+0530 (India Standard Time)--1--info--Product page initialized..
Sat Dec 30 2023 19:12:24 GMT+0530 (India Standard Time)--1--info--Product page initialized..
Sat Dec 30 2023 19:12:50 GMT+0530 (India Standard Time)--1--info--Product page initialized..
Sat Dec 30 2023 19:12:58 GMT+0530 (India Standard Time)--1--info--Product page initialized..
Sat Dec 30 2023 19:13:06 GMT+0530 (India Standard Time)--1--info--Product page initialized..
Sat Dec 30 2023 19:13:10 GMT+0530 (India Standard Time)--1--info--Product page initialized..
Sat Dec 30 2023 19:15:29 GMT+0530 (India Standard Time)--1--info--Product page initialized..
Sat Dec 30 2023 19:16:33 GMT+0530 (India Standard Time)--1--info--Product page initialized..
Sat Dec 30 2023 19:16:35 GMT+0530 (India Standard Time)--1--info--Product page initialized..
Sat Dec 30 2023 19:16:44 GMT+0530 (India Standard Time)--1--info--Product page initialized..
Sat Dec 30 2023 19:17:06 GMT+0530 (India Standard Time)--1--info--Product page initialized..
Sat Dec 30 2023 19:17:29 GMT+0530 (India Standard Time)--1--info--Product page initialized..
Sat Dec 30 2023 19:18:04 GMT+0530 (India Standard Time)--1--info--Index page initialized..
Sat Dec 30 2023 19:18:26 GMT+0530 (India Standard Time)--1--info--Index page initialized..
Sat Dec 30 2023 19:18:28 GMT+0530 (India Standard Time)--1--info--Product page initialized..
Sat Dec 30 2023 19:18:44 GMT+0530 (India Standard Time)--1--info--Product page initialized..
Sat Dec 30 2023 19:26:58 GMT+0530 (India Standard Time)--1--info--Product page initialized..
Sat Dec 30 2023 19:29:10 GMT+0530 (India Standard Time)--1--info--Product page initialized..
Sat Dec 30 2023 19:29:18 GMT+0530 (India Standard Time)--1--info--Product page initialized..
Sat Dec 30 2023 19:29:50 GMT+0530 (India Standard Time)--1--info--Product page initialized..
Sat Dec 30 2023 19:30:01 GMT+0530 (India Standard Time)--1--info--Product page initialized..
Sat Dec 30 2023 19:30:40 GMT+0530 (India Standard Time)--1--info--Product page initialized..
Sat Dec 30 2023 19:30:45 GMT+0530 (India Standard Time)--1--info--Product page initialized..
Sat Dec 30 2023 19:32:06 GMT+0530 (India Standard Time)--1--info--Product page initialized..
Sat Dec 30 2023 19:32:27 GMT+0530 (India Standard Time)--1--info--Product page initialized..
Sat Dec 30 2023 19:32:40 GMT+0530 (India Standard Time)--1--info--Product page initialized..
Sat Dec 30 2023 19:40:53 GMT+0530 (India Standard Time)--1--info--Product page initialized..
Sat Dec 30 2023 19:40:57 GMT+0530 (India Standard Time)--1--info--Product page initialized..
Sat Dec 30 2023 19:41:26 GMT+0530 (India Standard Time)--1--info--Product page initialized..
Sat Dec 30 2023 19:41:29 GMT+0530 (India Standard Time)--1--info--Product page initialized..
Sat Dec 30 2023 19:42:14 GMT+0530 (India Standard Time)--1--info--Product page initialized..
Sat Dec 30 2023 19:42:39 GMT+0530 (India Standard Time)--1--info--Product page initialized..
Sat Dec 30 2023 19:42:53 GMT+0530 (India Standard Time)--1--info--Product page initialized..
Sat Dec 30 2023 19:43:12 GMT+0530 (India Standard Time)--1--info--Product page initialized..
Sat Dec 30 2023 19:44:12 GMT+0530 (India Standard Time)--1--info--Product page initialized..
Sat Dec 30 2023 19:44:36 GMT+0530 (India Standard Time)--1--info--Product page initialized..
Sat Dec 30 2023 19:44:44 GMT+0530 (India Standard Time)--1--info--Product page initialized..
Sat Dec 30 2023 19:45:00 GMT+0530 (India Standard Time)--1--info--Product page initialized..
Sat Dec 30 2023 19:46:10 GMT+0530 (India Standard Time)--1--info--Product page initialized..
Sat Dec 30 2023 19:46:38 GMT+0530 (India Standard Time)--1--info--Product page initialized..
Sat Dec 30 2023 19:47:24 GMT+0530 (India Standard Time)--1--info--Product page initialized..
Sat Dec 30 2023 19:48:30 GMT+0530 (India Standard Time)--1--info--Product page initialized..
Sat Dec 30 2023 19:48:40 GMT+0530 (India Standard Time)--1--info--Product page initialized..
Sat Dec 30 2023 19:48:47 GMT+0530 (India Standard Time)--1--info--Product page initialized..
Sat Dec 30 2023 19:48:53 GMT+0530 (India Standard Time)--1--info--Product page initialized..
Sat Dec 30 2023 19:49:21 GMT+0530 (India Standard Time)--1--info--Product page initialized..
Sat Dec 30 2023 19:49:37 GMT+0530 (India Standard Time)--1--info--Product page initialized..
Sat Dec 30 2023 19:50:02 GMT+0530 (India Standard Time)--1--info--Product page initialized..
Sat Dec 30 2023 19:50:12 GMT+0530 (India Standard Time)--1--info--Product page initialized..
Sat Dec 30 2023 19:50:25 GMT+0530 (India Standard Time)--1--info--Product page initialized..
Sat Dec 30 2023 19:50:46 GMT+0530 (India Standard Time)--1--info--Product page initialized..
Sat Dec 30 2023 19:50:52 GMT+0530 (India Standard Time)--1--info--Product page initialized..
Sat Dec 30 2023 19:51:43 GMT+0530 (India Standard Time)--1--info--Product page initialized..
Sat Dec 30 2023 19:51:53 GMT+0530 (India Standard Time)--1--info--Product page initialized..
Sat Dec 30 2023 19:52:37 GMT+0530 (India Standard Time)--1--info--Product page initialized..
Sat Dec 30 2023 19:52:55 GMT+0530 (India Standard Time)--1--info--Product page initialized..
Sat Dec 30 2023 19:59:38 GMT+0530 (India Standard Time)--1--info--Product page initialized..
Sat Dec 30 2023 20:01:02 GMT+0530 (India Standard Time)--1--info--Product page initialized..
Sat Dec 30 2023 20:01:20 GMT+0530 (India Standard Time)--1--info--Product page initialized..
Sat Dec 30 2023 20:01:50 GMT+0530 (India Standard Time)--1--info--Product page initialized..
Sat Dec 30 2023 20:01:55 GMT+0530 (India Standard Time)--1--info--Product page initialized..
Sat Dec 30 2023 20:02:24 GMT+0530 (India Standard Time)--1--info--Product page initialized..
Sat Dec 30 2023 20:02:28 GMT+0530 (India Standard Time)--1--info--Product page initialized..
Sat Dec 30 2023 20:02:39 GMT+0530 (India Standard Time)--1--info--Product page initialized..
Sat Dec 30 2023 20:02:42 GMT+0530 (India Standard Time)--1--info--Product page initialized..
Sat Dec 30 2023 20:02:52 GMT+0530 (India Standard Time)--1--info--Product page initialized..
Sat Dec 30 2023 20:03:14 GMT+0530 (India Standard Time)--1--info--Product page initialized..
Sat Dec 30 2023 20:04:49 GMT+0530 (India Standard Time)--1--info--Product page initialized..
Sat Dec 30 2023 20:05:23 GMT+0530 (India Standard Time)--1--info--Service page Component initialized..
Sat Dec 30 2023 20:05:49 GMT+0530 (India Standard Time)--1--info--Service page Component initialized..
Sat Dec 30 2023 20:07:51 GMT+0530 (India Standard Time)--1--info--Service page Component initialized..
Sat Dec 30 2023 20:07:55 GMT+0530 (India Standard Time)--1--info--Service page Component initialized..
Sat Dec 30 2023 20:08:41 GMT+0530 (India Standard Time)--1--info--Service page Component initialized..
Sat Dec 30 2023 20:12:34 GMT+0530 (India Standard Time)--1--info--Service page Component initialized..
Sat Dec 30 2023 20:13:43 GMT+0530 (India Standard Time)--1--info--Service page Component initialized..
Sat Dec 30 2023 20:13:47 GMT+0530 (India Standard Time)--1--info--Service page Component initialized..
Sat Dec 30 2023 20:13:50 GMT+0530 (India Standard Time)--1--info--Service page Component initialized..
Sat Dec 30 2023 20:14:02 GMT+0530 (India Standard Time)--1--info--Service page Component initialized..
Sun Dec 31 2023 08:24:16 GMT+0530 (India Standard Time)--1--info--Index page initialized..
Sun Dec 31 2023 08:24:18 GMT+0530 (India Standard Time)--1--info--Product page initialized..
Sun Dec 31 2023 08:24:26 GMT+0530 (India Standard Time)--1--info--Login Page initialized..
Sun Dec 31 2023 08:24:30 GMT+0530 (India Standard Time)--1--info--Index page initialized..
Sun Dec 31 2023 08:28:32 GMT+0530 (India Standard Time)--1--info--Index page initialized..
Sun Dec 31 2023 08:28:35 GMT+0530 (India Standard Time)--1--info--Login Page initialized..
Sun Dec 31 2023 08:28:44 GMT+0530 (India Standard Time)--1--info--Login Successfull
Sun Dec 31 2023 08:28:45 GMT+0530 (India Standard Time)--1--info--Product page initialized..
Sun Dec 31 2023 08:28:45 GMT+0530 (India Standard Time)--1--info--Product page initialized..
Sun Dec 31 2023 08:29:04 GMT+0530 (India Standard Time)--1--info--Index page initialized..
Sun Dec 31 2023 08:29:15 GMT+0530 (India Standard Time)--1--info--Index page initialized..
Sun Dec 31 2023 08:29:18 GMT+0530 (India Standard Time)--1--info--Product page initialized..
Sun Dec 31 2023 08:29:21 GMT+0530 (India Standard Time)--1--info--Login Page initialized..
Sun Dec 31 2023 08:29:33 GMT+0530 (India Standard Time)--1--info--Login Successfull
Sun Dec 31 2023 08:29:34 GMT+0530 (India Standard Time)--1--info--Order page Component initialized..
Sun Dec 31 2023 08:29:34 GMT+0530 (India Standard Time)--3--warn--Please checked Terms and Conditions
Sun Dec 31 2023 08:29:50 GMT+0530 (India Standard Time)--1--info--Product page initialized..
Sun Dec 31 2023 08:29:51 GMT+0530 (India Standard Time)--1--info--Product page initialized..
Sun Dec 31 2023 08:30:44 GMT+0530 (India Standard Time)--1--info--Product page initialized..
Sun Dec 31 2023 08:30:55 GMT+0530 (India Standard Time)--1--info--Index page initialized..
Sun Dec 31 2023 08:30:56 GMT+0530 (India Standard Time)--1--info--Index page initialized..
Sun Dec 31 2023 08:30:57 GMT+0530 (India Standard Time)--1--info--Login Page initialized..
Sun Dec 31 2023 08:31:05 GMT+0530 (India Standard Time)--4--error--Invalid Details
Sun Dec 31 2023 08:31:34 GMT+0530 (India Standard Time)--1--info--Index page initialized..
Sun Dec 31 2023 08:31:37 GMT+0530 (India Standard Time)--1--info--Index page initialized..
Sun Dec 31 2023 08:31:47 GMT+0530 (India Standard Time)--1--info--Index page initialized..
Sun Dec 31 2023 08:31:51 GMT+0530 (India Standard Time)--1--info--Index page initialized..
Sun Dec 31 2023 08:33:36 GMT+0530 (India Standard Time)--1--info--Login Page initialized..
Sun Dec 31 2023 08:33:38 GMT+0530 (India Standard Time)--1--info--Register page initialized..
Sun Dec 31 2023 08:36:39 GMT+0530 (India Standard Time)--4--error--Email Id already exist, sign-in instead
Sun Dec 31 2023 08:37:02 GMT+0530 (India Standard Time)--1--info--Login Page initialized..
Sun Dec 31 2023 08:37:08 GMT+0530 (India Standard Time)--1--info--Login Page initialized..
Sun Dec 31 2023 08:37:11 GMT+0530 (India Standard Time)--1--info--Register page initialized..
Sun Dec 31 2023 08:39:06 GMT+0530 (India Standard Time)--1--info--Login Page initialized..
Sun Dec 31 2023 08:39:14 GMT+0530 (India Standard Time)--1--info--Login Page initialized..
Sun Dec 31 2023 08:39:27 GMT+0530 (India Standard Time)--1--info--Login Page initialized..
Sun Dec 31 2023 08:40:19 GMT+0530 (India Standard Time)--1--info--Login Page initialized..
Sun Dec 31 2023 08:40:43 GMT+0530 (India Standard Time)--1--info--Login Page initialized..
Sun Dec 31 2023 08:41:33 GMT+0530 (India Standard Time)--1--info--Register page initialized..
Sun Dec 31 2023 08:47:18 GMT+0530 (India Standard Time)--1--info--Login Page initialized..
Sun Dec 31 2023 08:47:20 GMT+0530 (India Standard Time)--1--info--Register page initialized..
Sun Dec 31 2023 08:51:10 GMT+0530 (India Standard Time)--1--info--Login Page initialized..
Sun Dec 31 2023 08:51:16 GMT+0530 (India Standard Time)--1--info--Register page initialized..
Sun Dec 31 2023 18:09:41 GMT+0530 (India Standard Time)--1--info--Login Page initialized..
Sun Dec 31 2023 18:09:46 GMT+0530 (India Standard Time)--1--info--Register page initialized..
Sun Dec 31 2023 18:12:25 GMT+0530 (India Standard Time)--1--info--Login Page initialized..
Sun Dec 31 2023 18:12:35 GMT+0530 (India Standard Time)--1--info--Login Page initialized..
Sun Dec 31 2023 18:15:17 GMT+0530 (India Standard Time)--1--info--Login Page initialized..
